01:12:44 **** Build of configuration Debug for project Mini_project4 ****
make all 
Building file: ../Project4/APP.c
Invoking: AVR Compiler
avr-gcc -Wall -g2 -gstabs -O0 -fpack-struct -fshort-enums -ffunction-sections -fdata-sections -std=gnu99 -funsigned-char -funsigned-bitfields -mmcu=atmega16 -DF_CPU=1000000UL -MMD -MP -MF"Project4/APP.d" -MT"Project4/APP.o" -c -o "Project4/APP.o" "../Project4/APP.c"
Finished building: ../Project4/APP.c
 
Building file: ../Project4/gpio.c
Invoking: AVR Compiler
avr-gcc -Wall -g2 -gstabs -O0 -fpack-struct -fshort-enums -ffunction-sections -fdata-sections -std=gnu99 -funsigned-char -funsigned-bitfields -mmcu=atmega16 -DF_CPU=1000000UL -MMD -MP -MF"Project4/gpio.d" -MT"Project4/gpio.o" -c -o "Project4/gpio.o" "../Project4/gpio.c"
Finished building: ../Project4/gpio.c
 
Building file: ../Project4/icu.c
Invoking: AVR Compiler
avr-gcc -Wall -g2 -gstabs -O0 -fpack-struct -fshort-enums -ffunction-sections -fdata-sections -std=gnu99 -funsigned-char -funsigned-bitfields -mmcu=atmega16 -DF_CPU=1000000UL -MMD -MP -MF"Project4/icu.d" -MT"Project4/icu.o" -c -o "Project4/icu.o" "../Project4/icu.c"
../Project4/icu.c: In function 'Icu_setCallBack':
../Project4/icu.c:82: warning: function return types not compatible due to 'volatile'
Finished building: ../Project4/icu.c
 
Building file: ../Project4/lcd.c
Invoking: AVR Compiler
avr-gcc -Wall -g2 -gstabs -O0 -fpack-struct -fshort-enums -ffunction-sections -fdata-sections -std=gnu99 -funsigned-char -funsigned-bitfields -mmcu=atmega16 -DF_CPU=1000000UL -MMD -MP -MF"Project4/lcd.d" -MT"Project4/lcd.o" -c -o "Project4/lcd.o" "../Project4/lcd.c"
In file included from ../Project4/lcd.c:13:
c:/winavr-20100110/lib/gcc/../../avr/include/util/delay.h:90:3: warning: #warning "Compiler optimizations disabled; functions from <util/delay.h> won't work as designed"
../Project4/lcd.c: In function 'LCD_intgerToString':
../Project4/lcd.c:145: warning: implicit declaration of function 'itoa'
Finished building: ../Project4/lcd.c
 
Building file: ../Project4/ultrasonic.c
Invoking: AVR Compiler
avr-gcc -Wall -g2 -gstabs -O0 -fpack-struct -fshort-enums -ffunction-sections -fdata-sections -std=gnu99 -funsigned-char -funsigned-bitfields -mmcu=atmega16 -DF_CPU=1000000UL -MMD -MP -MF"Project4/ultrasonic.d" -MT"Project4/ultrasonic.o" -c -o "Project4/ultrasonic.o" "../Project4/ultrasonic.c"
In file included from ../Project4/ultrasonic.c:16:
c:/winavr-20100110/lib/gcc/../../avr/include/util/delay.h:90:3: warning: #warning "Compiler optimizations disabled; functions from <util/delay.h> won't work as designed"
Finished building: ../Project4/ultrasonic.c
 
Building target: Mini_project4.elf
Invoking: AVR C Linker
avr-gcc -Wl,-Map,Mini_project4.map -mmcu=atmega16 -o "Mini_project4.elf"  ./Project4/APP.o ./Project4/gpio.o ./Project4/icu.o ./Project4/lcd.o ./Project4/ultrasonic.o   
Finished building target: Mini_project4.elf
 
Invoking: AVR Create Extended Listing
avr-objdump -h -S Mini_project4.elf  >"Mini_project4.lss"
Finished building: Mini_project4.lss
 
Invoking: Print Size
avr-size --format=avr --mcu=atmega16 Mini_project4.elf
AVR Memory Usage
----------------
Device: atmega16

Program:    9450 bytes (57.7% Full)
(.text + .data + .bootloader)

Data:        287 bytes (28.0% Full)
(.data + .bss + .noinit)


Finished building: sizedummy
 
